c:\users\administrator\desktop\modeler\debug\vc120.pdb
c:\users\administrator\desktop\modeler\debug\vc120.idb
c:\users\administrator\desktop\modeler\debug\bitmap.obj
c:\users\administrator\desktop\modeler\debug\camera.obj
c:\users\administrator\desktop\modeler\debug\modelerapp.obj
c:\users\administrator\desktop\modeler\debug\modelerdraw.obj
c:\users\administrator\desktop\modeler\debug\modelerui.obj
c:\users\administrator\desktop\modeler\debug\modelerview.obj
c:\users\administrator\desktop\modeler\debug\mymodel.obj
c:\users\administrator\desktop\modeler\debug\tex.obj
c:\users\administrator\desktop\modeler\debug\modeler.ilk
c:\users\administrator\desktop\modeler\debug\modeler.exe
c:\users\administrator\desktop\modeler\debug\modeler.pdb
c:\users\administrator\desktop\modeler\.\debug\modeler.exe
c:\users\administrator\desktop\modeler\debug\modeler.tlog\cl.command.1.tlog
c:\users\administrator\desktop\modeler\debug\modeler.tlog\cl.read.1.tlog
c:\users\administrator\desktop\modeler\debug\modeler.tlog\cl.write.1.tlog
c:\users\administrator\desktop\modeler\debug\modeler.tlog\link.command.1.tlog
c:\users\administrator\desktop\modeler\debug\modeler.tlog\link.read.1.tlog
c:\users\administrator\desktop\modeler\debug\modeler.tlog\link.write.1.tlog
