生成启动时间为 2015/10/16 20:36:08。
     1>项目“C:\Users\Administrator\Desktop\Modeler\modeler.vcxproj”在节点 2 上(Build 个目标)。
     1>ClCompile:
         D:\Program Files (x86)\Microsoft Visual Studio 12.0\VC\bin\CL.exe /c /Ilocal\include /ZI /nologo /W3 /WX- /Od /Oy- /D WIN32 /D _DEBUG /D _CONSOLE /D _VC80_UPGRADE=0x0600 /D _MBCS /Gm /EHsc /RTC1 /MTd /GS /fp:precise /Zc:wchar_t /Zc:forScope /Fo".\Debug/" /Fd".\Debug/vc120.pdb" /Gd /TP /analyze- /errorReport:prompt myModel.cpp
         myModel.cpp
     1>c:\users\administrator\desktop\modeler\mymodel.cpp(59): warning C4244: “初始化”: 从“double”转换到“GLfloat”，可能丢失数据
     1>c:\users\administrator\desktop\modeler\mymodel.cpp(60): warning C4244: “初始化”: 从“double”转换到“GLfloat”，可能丢失数据
     1>c:\users\administrator\desktop\modeler\mymodel.cpp(69): warning C4305: “参数”: 从“double”到“float”截断
     1>c:\users\administrator\desktop\modeler\mymodel.cpp(122): warning C4305: “参数”: 从“double”到“float”截断
     1>c:\users\administrator\desktop\modeler\mymodel.cpp(196): warning C4305: “参数”: 从“double”到“float”截断
     1>c:\users\administrator\desktop\modeler\mymodel.cpp(206): warning C4305: “参数”: 从“double”到“float”截断
       Link:
         D:\Program Files (x86)\Microsoft Visual Studio 12.0\VC\bin\link.exe /ERRORREPORT:PROMPT /OUT:".\Debug/modeler.exe" /INCREMENTAL /NOLOGO /LIBPATH:local\lib opengl32.lib glu32.lib wsock32.lib fltk.lib odbc32.lib odbccp32.lib kernel32.lib user32.lib gdi32.lib winspool.lib comdlg32.lib advapi32.lib shell32.lib ole32.lib oleaut32.lib uuid.lib odbc32.lib odbccp32.lib /NODEFAULTLIB:libcmt /MANIFEST /MANIFESTUAC:"level='asInvoker' uiAccess='false'" /manifest:embed /DEBUG /PDB:".\Debug/modeler.pdb" /SUBSYSTEM:CONSOLE /TLBID:1 /DYNAMICBASE:NO /IMPLIB:".\Debug\modeler.lib" /MACHINE:X86 /SAFESEH:NO .\Debug/bitmap.obj
         .\Debug/camera.obj
         .\Debug/cube.obj
         .\Debug/modelerapp.obj
         .\Debug/modelerdraw.obj
         .\Debug/modelerui.obj
         .\Debug/modelerview.obj
         .\Debug/myModel.obj
         .\Debug/tex.obj
         .\Debug/vector3d.obj
         modeler.vcxproj -> C:\Users\Administrator\Desktop\Modeler\.\Debug\modeler.exe
     1>已完成生成项目“C:\Users\Administrator\Desktop\Modeler\modeler.vcxproj”(Build 个目标)的操作。

生成成功。

已用时间 00:00:01.15
