Build started 2015/10/16 16:23:35.
     1>Project "D:\Documents\Academics\COMP4411\ModSkelF14\modeler.vcxproj" on node 2 (Rebuild target(s)).
     1>ClCompile:
         D:\Program Files (x86)\Microsoft Visual Studio 12.0\VC\bin\CL.exe /c /Ilocal\include /Zi /nologo /W3 /WX- /O2 /Ob1 /Oy- /D WIN32 /D NDEBUG /D _CONSOLE /D _VC80_UPGRADE=0x0600 /D _MBCS /GF /Gm- /EHsc /MT /GS /Gy /fp:precise /Zc:wchar_t /Zc:forScope /Fo".\Release/" /Fd".\Release/vc120.pdb" /Gd /TP /analyze- /errorReport:prompt bitmap.cpp camera.cpp modelerapp.cpp modelerdraw.cpp modelerui.cxx modelerview.cpp myModel.cpp
         bitmap.cpp
     1>bitmap.cpp(22): warning C4996: 'fopen': This function or variable may be unsafe. Consider using fopen_s instead. To disable deprecation, use _CRT_SECURE_NO_WARNINGS. See online help for details.
                 D:\Program Files (x86)\Microsoft Visual Studio 12.0\VC\include\stdio.h(211) : see declaration of 'fopen'
     1>bitmap.cpp(128): warning C4996: 'fopen': This function or variable may be unsafe. Consider using fopen_s instead. To disable deprecation, use _CRT_SECURE_NO_WARNINGS. See online help for details.
                 D:\Program Files (x86)\Microsoft Visual Studio 12.0\VC\include\stdio.h(211) : see declaration of 'fopen'
         camera.cpp
         modelerapp.cpp
     1>modelerapp.cpp(37): warning C4996: 'strncpy': This function or variable may be unsafe. Consider using strncpy_s instead. To disable deprecation, use _CRT_SECURE_NO_WARNINGS. See online help for details.
                 D:\Program Files (x86)\Microsoft Visual Studio 12.0\VC\include\string.h(195) : see declaration of 'strncpy'
         modelerdraw.cpp
     1>modelerdraw.cpp(152): warning C4996: 'fopen': This function or variable may be unsafe. Consider using fopen_s instead. To disable deprecation, use _CRT_SECURE_NO_WARNINGS. See online help for details.
                 D:\Program Files (x86)\Microsoft Visual Studio 12.0\VC\include\stdio.h(211) : see declaration of 'fopen'
         modelerui.cxx
     1>modelerui.cxx(103): warning C4996: 'fopen': This function or variable may be unsafe. Consider using fopen_s instead. To disable deprecation, use _CRT_SECURE_NO_WARNINGS. See online help for details.
                 D:\Program Files (x86)\Microsoft Visual Studio 12.0\VC\include\stdio.h(211) : see declaration of 'fopen'
         modelerview.cpp
         myModel.cpp
     1>myModel.cpp(59): warning C4244: 'initializing' : conversion from 'double' to 'GLfloat', possible loss of data
     1>myModel.cpp(60): warning C4244: 'initializing' : conversion from 'double' to 'GLfloat', possible loss of data
     1>myModel.cpp(82): warning C4305: 'argument' : truncation from 'double' to 'float'
     1>myModel.cpp(131): warning C4305: 'argument' : truncation from 'double' to 'float'
     1>myModel.cpp(197): warning C4244: 'argument' : conversion from 'double' to 'float', possible loss of data
     1>myModel.cpp(201): warning C4305: 'argument' : truncation from 'double' to 'float'
     1>myModel.cpp(211): warning C4305: 'argument' : truncation from 'double' to 'float'
     1>myModel.cpp(389): warning C4305: 'argument' : truncation from 'double' to 'float'
         Generating Code...
       Link:
         D:\Program Files (x86)\Microsoft Visual Studio 12.0\VC\bin\link.exe /ERRORREPORT:PROMPT /OUT:".\Release/modeler.exe" /INCREMENTAL:NO /NOLOGO local/lib/fltk.lib wsock32.lib opengl32.lib glu32.lib odbc32.lib odbccp32.lib kernel32.lib user32.lib gdi32.lib winspool.lib comdlg32.lib advapi32.lib shell32.lib ole32.lib oleaut32.lib uuid.lib odbc32.lib odbccp32.lib /MANIFEST /MANIFESTUAC:"level='asInvoker' uiAccess='false'" /manifest:embed /PDB:".\Release/modeler.pdb" /SUBSYSTEM:WINDOWS /TLBID:1 /DYNAMICBASE:NO /IMPLIB:".\Release\modeler.lib" /MACHINE:X86 /SAFESEH:NO .\Release/bitmap.obj
         .\Release/camera.obj
         .\Release/modelerapp.obj
         .\Release/modelerdraw.obj
         .\Release/modelerui.obj
         .\Release/modelerview.obj
         .\Release/myModel.obj
     1>modelerdraw.obj : error LNK2019: unresolved external symbol "public: unsigned int __thiscall Texture::loadBMP_custom(char const *)" (?loadBMP_custom@Texture@@QAEIPBD@Z) referenced in function "void __cdecl drawCylinderWithTexture(double,double,double,char const *)" (?drawCylinderWithTexture@@YAXNNNPBD@Z)
     1>.\Release/modeler.exe : fatal error LNK1120: 1 unresolved externals
     1>Done Building Project "D:\Documents\Academics\COMP4411\ModSkelF14\modeler.vcxproj" (Rebuild target(s)) -- FAILED.

Build FAILED.

Time Elapsed 00:00:18.55
